<?xml version="1.0" encoding="UTF-8"?>
<testsuite xmlns:xsi="http://www.w3.org/2001/XMLSchema-instance" xsi:noNamespaceSchemaLocation="https://maven.apache.org/surefire/maven-surefire-plugin/xsd/surefire-test-report.xsd" name="QueueTest" time="0.019" tests="15" errors="0" skipped="0" failures="0">
  <properties>
[...]
</properties>
  <testcase name="testNotDuplicate" classname="QueueTest" time="0"/>
  <testcase name="testPushToEmpty" classname="QueueTest" time="0"/>
  <testcase name="testForNodeVal" classname="QueueTest" time="0"/>
  <testcase name="testLongLength" classname="QueueTest" time="0"/>
  <testcase name="testCheckOrder" classname="QueueTest" time="0"/>
  <testcase name="testPopLength" classname="QueueTest" time="0"/>
  <testcase name="testEmptyList" classname="QueueTest" time="0"/>
  <testcase name="testDequeueHead" classname="QueueTest" time="0"/>
  <testcase name="testDequeueListVal" classname="QueueTest" time="0"/>
  <testcase name="testAddFourth" classname="QueueTest" time="0"/>
  <testcase name="testEmptyString" classname="QueueTest" time="0"/>
  <testcase name="testInitNode" classname="QueueTest" time="0"/>
  <testcase name="testLength" classname="QueueTest" time="0"/>
  <testcase name="testEmptyInt" classname="QueueTest" time="0"/>
  <testcase name="testNextNull" classname="QueueTest" time="0"/>
</testsuite>